Arguments: 
  C:\Program Files\nodejs\node.exe C:\Users\stmu\AppData\Roaming\npm\node_modules\yarn\bin\yarn.js add vavad

PATH: 
  C:\Program Files\Git\mingw64\bin;C:\Program Files\Git\usr\bin;C:\Users\stmu\bin;C:\ProgramData\DockerDesktop\version-bin;C:\Program Files\Docker\Docker\Resources\bin;C:\Program Files (x86)\Intel\Intel(R) Management Engine Components\iCLS;C:\Program Files\Intel\Intel(R) Management Engine Components\iCLS;C:\Windows\system32;C:\Windows;C:\Windows\System32\Wbem;C:\Windows\System32\WindowsPowerShell\v1.0;C:\Windows\System32\OpenSSH;C:\Program Files\Intel\WiFi\bin;C:\Program Files\Common Files\Intel\WirelessCommon;C:\Program Files\TortoiseSVN\bin;C:\Program Files\Git\cmd;C:\Program Files\Amazon\AWSCLI\bin;C:\Program Files (x86)\Intel\Intel(R) Management Engine Components\DAL;C:\Program Files\Intel\Intel(R) Management Engine Components\DAL;C:\Users\stmu\AppData\Roaming\nvm;C:\Program Files\nodejs;C:\Python27;C:\Program Files\nodejs\node_modules\npm\node_modules\npm-lifecycle\node-gyp-bin;C:\Users\stmu\AppData\Roaming\npm\node_modules\windows-build-tools\node_modules\.bin;C:\Users\stmu\AppData\Roaming\npm\node_modules\.bin;C:\Program Files\Git\mingw64\bin;C:\Program Files\Git\usr\bin;C:\Users\stmu\bin;C:\Program Files (x86)\Intel\Intel(R) Management Engine Components\IPT;C:\Program Files\Intel\Intel(R) Management Engine Components\IPT;C:\Program Files\nodejs;C:\Program Files (x86)\Yarn\bin;C:\Users\stmu\AppData\Local\Microsoft\WindowsApps;C:\Users\stmu\AppData\Local\Programs\Microsoft VS Code\bin;C:\Users\stmu\AppData\Roaming\npm;C:\Users\stmu\AppData\Roaming\nvm;C:\Program Files\nodejs;C:\Users\stmu\Sites\pm-dev-utils\scripts

Yarn version: 
  1.3.2

Node version: 
  11.10.1

Platform: 
  win32 x64

npm manifest: 
  {
    "dependencies": {
      "bluebird": "^3.5.5"
    }
  }

yarn manifest: 
  No manifest

Lockfile: 
  # THIS IS AN AUTOGENERATED FILE. DO NOT EDIT THIS FILE DIRECTLY.
  # yarn lockfile v1
  
  
  bluebird@^3.5.5:
    version "3.5.5"
    resolved "https://registry.yarnpkg.com/bluebird/-/bluebird-3.5.5.tgz#a8d0afd73251effbbd5fe384a77d73003c17a71f"

Trace: 
  Error: https://registry.yarnpkg.com/vavad: Not found
      at Request.params.callback [as _callback] (C:\Users\stmu\AppData\Roaming\npm\node_modules\yarn\lib\cli.js:62098:18)
      at Request.self.callback (C:\Users\stmu\AppData\Roaming\npm\node_modules\yarn\lib\cli.js:123085:22)
      at Request.emit (events.js:197:13)
      at Request.<anonymous> (C:\Users\stmu\AppData\Roaming\npm\node_modules\yarn\lib\cli.js:124068:10)
      at Request.emit (events.js:197:13)
      at IncomingMessage.<anonymous> (C:\Users\stmu\AppData\Roaming\npm\node_modules\yarn\lib\cli.js:123988:12)
      at Object.onceWrapper (events.js:285:13)
      at IncomingMessage.emit (events.js:202:15)
      at endReadableNT (_stream_readable.js:1129:12)
      at processTicksAndRejections (internal/process/next_tick.js:76:17)
